<?xml version="1.0" encoding="UTF-8"?>
<!-- Generated by org.testng.reporters.JUnitXMLReporter -->
<testsuite ignored="0" hostname="Administrators-MacBook-Pro.local" failures="0" tests="3" name="Sauron 4 api testcases" time="6.156" errors="0" timestamp="2024-07-13T19:39:28 IST">
  <testcase classname="com.trio.assignment.apiTest.ApiTest" name="LoginAPITest" time="4.457"/>
  <testcase classname="com.trio.assignment.apiTest.ApiTest" name="EnrollAndroidAPITest" time="0.964"/>
  <testcase classname="com.trio.assignment.apiTest.ApiTest" name="AgentLogingAPITest" time="0.664"/>
</testsuite> <!-- Sauron 4 api testcases -->
